{"C:\\Users\\andrey\\Desktop\\ControleEstoqueApp\\App.js": {"path":"C:\\Users\\andrey\\Desktop\\ControleEstoqueApp\\App.js","statementMap":{"0":{"start":{"line":12,"column":25},"end":{"line":16,"column":2}},"1":{"start":{"line":17,"column":14},"end":{"line":17,"column":71}},"2":{"start":{"line":18,"column":19},"end":{"line":23,"column":1}},"3":{"start":{"line":19,"column":4},"end":{"line":22,"column":6}},"4":{"start":{"line":26,"column":38},"end":{"line":26,"column":53}},"5":{"start":{"line":28,"column":2},"end":{"line":37,"column":3}},"6":{"start":{"line":29,"column":4},"end":{"line":36,"column":6}},"7":{"start":{"line":33,"column":10},"end":{"line":33,"column":30}},"8":{"start":{"line":38,"column":2},"end":{"line":42,"column":4}}},"fnMap":{"0":{"name":"(anonymous_0)","decl":{"start":{"line":18,"column":19},"end":{"line":18,"column":20}},"loc":{"start":{"line":18,"column":25},"end":{"line":23,"column":1}},"line":18},"1":{"name":"App","decl":{"start":{"line":24,"column":24},"end":{"line":24,"column":27}},"loc":{"start":{"line":24,"column":30},"end":{"line":43,"column":1}},"line":24},"2":{"name":"(anonymous_2)","decl":{"start":{"line":32,"column":18},"end":{"line":32,"column":19}},"loc":{"start":{"line":32,"column":24},"end":{"line":34,"column":9}},"line":32}},"branchMap":{"0":{"loc":{"start":{"line":28,"column":2},"end":{"line":37,"column":3}},"type":"if","locations":[{"start":{"line":28,"column":2},"end":{"line":37,"column":3}},{"start":{"line":28,"column":2},"end":{"line":37,"column":3}}],"line":28}},"s":{"0":0,"1":0,"2":0,"3":0,"4":0,"5":0,"6":0,"7":0,"8":0},"f":{"0":0,"1":0,"2":0},"b":{"0":[0,0]},"hash":"9d15c0617580724d5afeb6caa674303290b0b48f"}
,"C:\\Users\\andrey\\Desktop\\ControleEstoqueApp\\components\\layout\\Item.js": {"path":"C:\\Users\\andrey\\Desktop\\ControleEstoqueApp\\components\\layout\\Item.js","statementMap":{"0":{"start":{"line":5,"column":13},"end":{"line":34,"column":1}},"1":{"start":{"line":6,"column":25},"end":{"line":6,"column":30}},"2":{"start":{"line":8,"column":30},"end":{"line":16,"column":3}},"3":{"start":{"line":9,"column":4},"end":{"line":9,"column":31}},"4":{"start":{"line":10,"column":6},"end":{"line":15,"column":8}},"5":{"start":{"line":18,"column":2},"end":{"line":33,"column":3}},"6":{"start":{"line":36,"column":15},"end":{"line":79,"column":2}}},"fnMap":{"0":{"name":"(anonymous_0)","decl":{"start":{"line":5,"column":13},"end":{"line":5,"column":14}},"loc":{"start":{"line":5,"column":24},"end":{"line":34,"column":1}},"line":5},"1":{"name":"(anonymous_1)","decl":{"start":{"line":8,"column":30},"end":{"line":8,"column":31}},"loc":{"start":{"line":8,"column":36},"end":{"line":16,"column":3}},"line":8}},"branchMap":{},"s":{"0":0,"1":0,"2":0,"3":0,"4":0,"5":0,"6":0},"f":{"0":0,"1":0},"b":{},"hash":"5e621dceb98aac2fd1b41a058f783b6bf171aabe"}
,"C:\\Users\\andrey\\Desktop\\ControleEstoqueApp\\components\\ui\\Card.js": {"path":"C:\\Users\\andrey\\Desktop\\ControleEstoqueApp\\components\\ui\\Card.js","statementMap":{"0":{"start":{"line":4,"column":13},"end":{"line":8,"column":1}},"1":{"start":{"line":5,"column":4},"end":{"line":7,"column":15}},"2":{"start":{"line":9,"column":15},"end":{"line":14,"column":2}}},"fnMap":{"0":{"name":"(anonymous_0)","decl":{"start":{"line":4,"column":13},"end":{"line":4,"column":14}},"loc":{"start":{"line":4,"column":24},"end":{"line":8,"column":1}},"line":4}},"branchMap":{},"s":{"0":0,"1":0,"2":0},"f":{"0":0},"b":{},"hash":"4cdd21f990060b3e3e4705ee8695151ddf300f4f"}
,"C:\\Users\\andrey\\Desktop\\ControleEstoqueApp\\components\\ui\\HeaderButton.js": {"path":"C:\\Users\\andrey\\Desktop\\ControleEstoqueApp\\components\\ui\\HeaderButton.js","statementMap":{"0":{"start":{"line":5,"column":15},"end":{"line":7,"column":1}},"1":{"start":{"line":6,"column":4},"end":{"line":6,"column":78}}},"fnMap":{"0":{"name":"(anonymous_0)","decl":{"start":{"line":5,"column":15},"end":{"line":5,"column":16}},"loc":{"start":{"line":5,"column":26},"end":{"line":7,"column":1}},"line":5}},"branchMap":{},"s":{"0":0,"1":0},"f":{"0":0},"b":{},"hash":"cf1ef89526c92e1f9c93d8aaefd574c276cc344c"}
,"C:\\Users\\andrey\\Desktop\\ControleEstoqueApp\\components\\ui\\Input.js": {"path":"C:\\Users\\andrey\\Desktop\\ControleEstoqueApp\\components\\ui\\Input.js","statementMap":{"0":{"start":{"line":3,"column":14},"end":{"line":17,"column":1}},"1":{"start":{"line":4,"column":4},"end":{"line":16,"column":6}},"2":{"start":{"line":19,"column":15},"end":{"line":32,"column":2}}},"fnMap":{"0":{"name":"(anonymous_0)","decl":{"start":{"line":3,"column":14},"end":{"line":3,"column":15}},"loc":{"start":{"line":3,"column":25},"end":{"line":17,"column":1}},"line":3}},"branchMap":{"0":{"loc":{"start":{"line":13,"column":22},"end":{"line":13,"column":122}},"type":"cond-expr","locations":[{"start":{"line":13,"column":60},"end":{"line":13,"column":115}},{"start":{"line":13,"column":118},"end":{"line":13,"column":122}}],"line":13},"1":{"loc":{"start":{"line":13,"column":22},"end":{"line":13,"column":57}},"type":"binary-expr","locations":[{"start":{"line":13,"column":22},"end":{"line":13,"column":40}},{"start":{"line":13,"column":44},"end":{"line":13,"column":57}}],"line":13}},"s":{"0":0,"1":0,"2":0},"f":{"0":0},"b":{"0":[0,0],"1":[0,0]},"hash":"7e1fad6925e873800344452ec3be5073d7c54ee9"}
,"C:\\Users\\andrey\\Desktop\\ControleEstoqueApp\\components\\ui\\Picker.js": {"path":"C:\\Users\\andrey\\Desktop\\ControleEstoqueApp\\components\\ui\\Picker.js","statementMap":{"0":{"start":{"line":4,"column":24},"end":{"line":13,"column":1}},"1":{"start":{"line":5,"column":4},"end":{"line":12,"column":11}},"2":{"start":{"line":9,"column":15},"end":{"line":9,"column":85}},"3":{"start":{"line":15,"column":15},"end":{"line":22,"column":2}}},"fnMap":{"0":{"name":"(anonymous_0)","decl":{"start":{"line":4,"column":24},"end":{"line":4,"column":25}},"loc":{"start":{"line":4,"column":35},"end":{"line":13,"column":1}},"line":4},"1":{"name":"(anonymous_1)","decl":{"start":{"line":8,"column":29},"end":{"line":8,"column":30}},"loc":{"start":{"line":8,"column":37},"end":{"line":10,"column":13}},"line":8}},"branchMap":{},"s":{"0":0,"1":0,"2":0,"3":0},"f":{"0":0,"1":0},"b":{},"hash":"a161ecfaab1bddf10f14be0e4beccb6d3cdb2e28"}
,"C:\\Users\\andrey\\Desktop\\ControleEstoqueApp\\helpers\\Colors.js": {"path":"C:\\Users\\andrey\\Desktop\\ControleEstoqueApp\\helpers\\Colors.js","statementMap":{},"fnMap":{},"branchMap":{},"s":{},"f":{},"b":{},"hash":"0a4a962948ea2c24c76b20abc4384ea32e373570"}
,"C:\\Users\\andrey\\Desktop\\ControleEstoqueApp\\helpers\\config.js": {"path":"C:\\Users\\andrey\\Desktop\\ControleEstoqueApp\\helpers\\config.js","statementMap":{},"fnMap":{},"branchMap":{},"s":{},"f":{},"b":{},"hash":"3ba8609bf461a4267d795f1527b4d5cd7c996fb9"}
,"C:\\Users\\andrey\\Desktop\\ControleEstoqueApp\\models\\Item.js": {"path":"C:\\Users\\andrey\\Desktop\\ControleEstoqueApp\\models\\Item.js","statementMap":{"0":{"start":{"line":3,"column":8},"end":{"line":3,"column":21}},"1":{"start":{"line":4,"column":8},"end":{"line":4,"column":33}},"2":{"start":{"line":5,"column":8},"end":{"line":5,"column":29}},"3":{"start":{"line":6,"column":8},"end":{"line":6,"column":25}},"4":{"start":{"line":7,"column":8},"end":{"line":7,"column":33}},"5":{"start":{"line":8,"column":8},"end":{"line":8,"column":33}}},"fnMap":{"0":{"name":"(anonymous_0)","decl":{"start":{"line":2,"column":4},"end":{"line":2,"column":5}},"loc":{"start":{"line":2,"column":58},"end":{"line":9,"column":5}},"line":2}},"branchMap":{},"s":{"0":0,"1":0,"2":0,"3":0,"4":0,"5":0},"f":{"0":0},"b":{},"hash":"8ba41d77fc53794b54f8742063fd15f7ff471b3b"}
,"C:\\Users\\andrey\\Desktop\\ControleEstoqueApp\\models\\provider.js": {"path":"C:\\Users\\andrey\\Desktop\\ControleEstoqueApp\\models\\provider.js","statementMap":{"0":{"start":{"line":3,"column":8},"end":{"line":3,"column":21}},"1":{"start":{"line":4,"column":8},"end":{"line":4,"column":25}}},"fnMap":{"0":{"name":"(anonymous_0)","decl":{"start":{"line":2,"column":4},"end":{"line":2,"column":5}},"loc":{"start":{"line":2,"column":24},"end":{"line":5,"column":5}},"line":2}},"branchMap":{},"s":{"0":0,"1":0},"f":{"0":0},"b":{},"hash":"d69c8376dba9a29fa0d7b7ae2e5285edee05b054"}
,"C:\\Users\\andrey\\Desktop\\ControleEstoqueApp\\navigation\\DrawerButton.js": {"path":"C:\\Users\\andrey\\Desktop\\ControleEstoqueApp\\navigation\\DrawerButton.js","statementMap":{"0":{"start":{"line":7,"column":21},"end":{"line":22,"column":1}},"1":{"start":{"line":8,"column":21},"end":{"line":8,"column":34}},"2":{"start":{"line":9,"column":26},"end":{"line":12,"column":18}},"3":{"start":{"line":10,"column":8},"end":{"line":10,"column":45}},"4":{"start":{"line":11,"column":8},"end":{"line":11,"column":44}},"5":{"start":{"line":14,"column":4},"end":{"line":21,"column":19}},"6":{"start":{"line":24,"column":15},"end":{"line":34,"column":2}}},"fnMap":{"0":{"name":"(anonymous_0)","decl":{"start":{"line":7,"column":21},"end":{"line":7,"column":22}},"loc":{"start":{"line":7,"column":32},"end":{"line":22,"column":1}},"line":7},"1":{"name":"(anonymous_1)","decl":{"start":{"line":9,"column":38},"end":{"line":9,"column":39}},"loc":{"start":{"line":9,"column":50},"end":{"line":12,"column":5}},"line":9}},"branchMap":{},"s":{"0":0,"1":0,"2":0,"3":0,"4":0,"5":0,"6":0},"f":{"0":0,"1":0},"b":{},"hash":"5d30c9094ed070d4734984aa82009521df31a0fc"}
,"C:\\Users\\andrey\\Desktop\\ControleEstoqueApp\\navigation\\Navigation.js": {"path":"C:\\Users\\andrey\\Desktop\\ControleEstoqueApp\\navigation\\Navigation.js","statementMap":{"0":{"start":{"line":16,"column":23},"end":{"line":21,"column":1}},"1":{"start":{"line":23,"column":18},"end":{"line":28,"column":2}},"2":{"start":{"line":30,"column":19},"end":{"line":36,"column":2}},"3":{"start":{"line":38,"column":20},"end":{"line":62,"column":6}},"4":{"start":{"line":43,"column":16},"end":{"line":43,"column":119}},"5":{"start":{"line":51,"column":16},"end":{"line":51,"column":123}},"6":{"start":{"line":60,"column":12},"end":{"line":60,"column":75}},"7":{"start":{"line":64,"column":21},"end":{"line":68,"column":2}},"8":{"start":{"line":73,"column":20},"end":{"line":76,"column":2}}},"fnMap":{"0":{"name":"(anonymous_0)","decl":{"start":{"line":42,"column":24},"end":{"line":42,"column":25}},"loc":{"start":{"line":42,"column":30},"end":{"line":44,"column":13}},"line":42},"1":{"name":"(anonymous_1)","decl":{"start":{"line":50,"column":24},"end":{"line":50,"column":25}},"loc":{"start":{"line":50,"column":30},"end":{"line":52,"column":13}},"line":50},"2":{"name":"(anonymous_2)","decl":{"start":{"line":59,"column":26},"end":{"line":59,"column":27}},"loc":{"start":{"line":59,"column":37},"end":{"line":61,"column":9}},"line":59}},"branchMap":{"0":{"loc":{"start":{"line":18,"column":25},"end":{"line":18,"column":86}},"type":"cond-expr","locations":[{"start":{"line":18,"column":53},"end":{"line":18,"column":69}},{"start":{"line":18,"column":72},"end":{"line":18,"column":86}}],"line":18},"1":{"loc":{"start":{"line":43,"column":39},"end":{"line":43,"column":89}},"type":"cond-expr","locations":[{"start":{"line":43,"column":67},"end":{"line":43,"column":76}},{"start":{"line":43,"column":79},"end":{"line":43,"column":89}}],"line":43},"2":{"loc":{"start":{"line":51,"column":39},"end":{"line":51,"column":93}},"type":"cond-expr","locations":[{"start":{"line":51,"column":67},"end":{"line":51,"column":78}},{"start":{"line":51,"column":81},"end":{"line":51,"column":93}}],"line":51}},"s":{"0":0,"1":0,"2":0,"3":0,"4":0,"5":0,"6":0,"7":0,"8":0},"f":{"0":0,"1":0,"2":0},"b":{"0":[0,0],"1":[0,0],"2":[0,0]},"hash":"6e82f6e7c22e77f8d433cdeeee3a3811fb279961"}
,"C:\\Users\\andrey\\Desktop\\ControleEstoqueApp\\navigation\\NavigationContainer.js": {"path":"C:\\Users\\andrey\\Desktop\\ControleEstoqueApp\\navigation\\NavigationContainer.js","statementMap":{"0":{"start":{"line":7,"column":28},"end":{"line":18,"column":1}},"1":{"start":{"line":8,"column":16},"end":{"line":8,"column":28}},"2":{"start":{"line":9,"column":17},"end":{"line":9,"column":57}},"3":{"start":{"line":9,"column":38},"end":{"line":9,"column":56}},"4":{"start":{"line":10,"column":4},"end":{"line":16,"column":13}},"5":{"start":{"line":11,"column":8},"end":{"line":15,"column":9}},"6":{"start":{"line":12,"column":12},"end":{"line":14,"column":15}},"7":{"start":{"line":17,"column":4},"end":{"line":17,"column":35}}},"fnMap":{"0":{"name":"(anonymous_0)","decl":{"start":{"line":7,"column":28},"end":{"line":7,"column":29}},"loc":{"start":{"line":7,"column":39},"end":{"line":18,"column":1}},"line":7},"1":{"name":"(anonymous_1)","decl":{"start":{"line":9,"column":29},"end":{"line":9,"column":30}},"loc":{"start":{"line":9,"column":38},"end":{"line":9,"column":56}},"line":9},"2":{"name":"(anonymous_2)","decl":{"start":{"line":10,"column":14},"end":{"line":10,"column":15}},"loc":{"start":{"line":10,"column":20},"end":{"line":16,"column":5}},"line":10}},"branchMap":{"0":{"loc":{"start":{"line":11,"column":8},"end":{"line":15,"column":9}},"type":"if","locations":[{"start":{"line":11,"column":8},"end":{"line":15,"column":9}},{"start":{"line":11,"column":8},"end":{"line":15,"column":9}}],"line":11}},"s":{"0":0,"1":0,"2":0,"3":0,"4":0,"5":0,"6":0,"7":0},"f":{"0":0,"1":0,"2":0},"b":{"0":[0,0]},"hash":"59e301b764a094cccebc009fcd6f31e223f41d65"}
,"C:\\Users\\andrey\\Desktop\\ControleEstoqueApp\\screens\\AddItemScreen.js": {"path":"C:\\Users\\andrey\\Desktop\\ControleEstoqueApp\\screens\\AddItemScreen.js","statementMap":{"0":{"start":{"line":10,"column":22},"end":{"line":55,"column":1}},"1":{"start":{"line":12,"column":21},"end":{"line":12,"column":34}},"2":{"start":{"line":13,"column":22},"end":{"line":13,"column":69}},"3":{"start":{"line":13,"column":43},"end":{"line":13,"column":68}},"4":{"start":{"line":14,"column":15},"end":{"line":14,"column":46}},"5":{"start":{"line":15,"column":20},"end":{"line":15,"column":118}},"6":{"start":{"line":15,"column":41},"end":{"line":15,"column":114}},"7":{"start":{"line":15,"column":77},"end":{"line":15,"column":113}},"8":{"start":{"line":16,"column":30},"end":{"line":25,"column":27}},"9":{"start":{"line":17,"column":8},"end":{"line":23,"column":9}},"10":{"start":{"line":18,"column":12},"end":{"line":18,"column":34}},"11":{"start":{"line":19,"column":12},"end":{"line":19,"column":27}},"12":{"start":{"line":20,"column":12},"end":{"line":20,"column":57}},"13":{"start":{"line":22,"column":12},"end":{"line":22,"column":59}},"14":{"start":{"line":24,"column":7},"end":{"line":24,"column":49}},"15":{"start":{"line":27,"column":25},"end":{"line":35,"column":6}},"16":{"start":{"line":36,"column":4},"end":{"line":54,"column":5}},"17":{"start":{"line":39,"column":16},"end":{"line":51,"column":43}},"18":{"start":{"line":40,"column":20},"end":{"line":40,"column":39}},"19":{"start":{"line":57,"column":15},"end":{"line":67,"column":2}},"20":{"start":{"line":69,"column":0},"end":{"line":73,"column":1}},"21":{"start":{"line":70,"column":4},"end":{"line":72,"column":5}}},"fnMap":{"0":{"name":"(anonymous_0)","decl":{"start":{"line":10,"column":22},"end":{"line":10,"column":23}},"loc":{"start":{"line":10,"column":33},"end":{"line":55,"column":1}},"line":10},"1":{"name":"(anonymous_1)","decl":{"start":{"line":13,"column":34},"end":{"line":13,"column":35}},"loc":{"start":{"line":13,"column":43},"end":{"line":13,"column":68}},"line":13},"2":{"name":"(anonymous_2)","decl":{"start":{"line":15,"column":32},"end":{"line":15,"column":33}},"loc":{"start":{"line":15,"column":41},"end":{"line":15,"column":114}},"line":15},"3":{"name":"(anonymous_3)","decl":{"start":{"line":15,"column":66},"end":{"line":15,"column":67}},"loc":{"start":{"line":15,"column":77},"end":{"line":15,"column":113}},"line":15},"4":{"name":"(anonymous_4)","decl":{"start":{"line":16,"column":42},"end":{"line":16,"column":43}},"loc":{"start":{"line":16,"column":60},"end":{"line":25,"column":5}},"line":16},"5":{"name":"(anonymous_5)","decl":{"start":{"line":38,"column":13},"end":{"line":38,"column":14}},"loc":{"start":{"line":38,"column":86},"end":{"line":52,"column":13}},"line":38},"6":{"name":"(anonymous_6)","decl":{"start":{"line":39,"column":61},"end":{"line":39,"column":62}},"loc":{"start":{"line":39,"column":67},"end":{"line":41,"column":17}},"line":39},"7":{"name":"(anonymous_7)","decl":{"start":{"line":69,"column":34},"end":{"line":69,"column":35}},"loc":{"start":{"line":69,"column":43},"end":{"line":73,"column":1}},"line":69}},"branchMap":{"0":{"loc":{"start":{"line":15,"column":77},"end":{"line":15,"column":113}},"type":"binary-expr","locations":[{"start":{"line":15,"column":77},"end":{"line":15,"column":92}},{"start":{"line":15,"column":96},"end":{"line":15,"column":113}}],"line":15},"1":{"loc":{"start":{"line":17,"column":8},"end":{"line":23,"column":9}},"type":"if","locations":[{"start":{"line":17,"column":8},"end":{"line":23,"column":9}},{"start":{"line":17,"column":8},"end":{"line":23,"column":9}}],"line":17},"2":{"loc":{"start":{"line":37,"column":100},"end":{"line":37,"column":137}},"type":"cond-expr","locations":[{"start":{"line":37,"column":119},"end":{"line":37,"column":132}},{"start":{"line":37,"column":135},"end":{"line":37,"column":137}}],"line":37},"3":{"loc":{"start":{"line":37,"column":149},"end":{"line":37,"column":191}},"type":"cond-expr","locations":[{"start":{"line":37,"column":168},"end":{"line":37,"column":185}},{"start":{"line":37,"column":188},"end":{"line":37,"column":191}}],"line":37},"4":{"loc":{"start":{"line":37,"column":203},"end":{"line":37,"column":244}},"type":"cond-expr","locations":[{"start":{"line":37,"column":222},"end":{"line":37,"column":239}},{"start":{"line":37,"column":242},"end":{"line":37,"column":244}}],"line":37},"5":{"loc":{"start":{"line":37,"column":256},"end":{"line":37,"column":297}},"type":"cond-expr","locations":[{"start":{"line":37,"column":275},"end":{"line":37,"column":292}},{"start":{"line":37,"column":295},"end":{"line":37,"column":297}}],"line":37},"6":{"loc":{"start":{"line":48,"column":66},"end":{"line":48,"column":104}},"type":"cond-expr","locations":[{"start":{"line":48,"column":77},"end":{"line":48,"column":88}},{"start":{"line":48,"column":91},"end":{"line":48,"column":104}}],"line":48}},"s":{"0":0,"1":0,"2":0,"3":0,"4":0,"5":0,"6":0,"7":0,"8":0,"9":0,"10":0,"11":0,"12":0,"13":0,"14":0,"15":0,"16":0,"17":0,"18":0,"19":0,"20":0,"21":0},"f":{"0":0,"1":0,"2":0,"3":0,"4":0,"5":0,"6":0,"7":0},"b":{"0":[0,0],"1":[0,0],"2":[0,0],"3":[0,0],"4":[0,0],"5":[0,0],"6":[0,0]},"hash":"fbed3b117b9e64369144a34499d4f007b38ff61b"}
,"C:\\Users\\andrey\\Desktop\\ControleEstoqueApp\\screens\\ItemDetailScreen.js": {"path":"C:\\Users\\andrey\\Desktop\\ControleEstoqueApp\\screens\\ItemDetailScreen.js","statementMap":{"0":{"start":{"line":6,"column":25},"end":{"line":43,"column":1}},"1":{"start":{"line":9,"column":15},"end":{"line":9,"column":46}},"2":{"start":{"line":10,"column":21},"end":{"line":10,"column":58}},"3":{"start":{"line":11,"column":21},"end":{"line":11,"column":58}},"4":{"start":{"line":12,"column":17},"end":{"line":12,"column":50}},"5":{"start":{"line":14,"column":21},"end":{"line":14,"column":34}},"6":{"start":{"line":15,"column":33},"end":{"line":17,"column":5}},"7":{"start":{"line":16,"column":8},"end":{"line":16,"column":173}},"8":{"start":{"line":18,"column":30},"end":{"line":21,"column":17}},"9":{"start":{"line":19,"column":8},"end":{"line":19,"column":51}},"10":{"start":{"line":20,"column":8},"end":{"line":20,"column":34}},"11":{"start":{"line":24,"column":28},"end":{"line":28,"column":17}},"12":{"start":{"line":25,"column":8},"end":{"line":27,"column":10}},"13":{"start":{"line":30,"column":4},"end":{"line":42,"column":11}},"14":{"start":{"line":46,"column":15},"end":{"line":78,"column":2}},"15":{"start":{"line":81,"column":0},"end":{"line":86,"column":1}},"16":{"start":{"line":82,"column":17},"end":{"line":82,"column":50}},"17":{"start":{"line":83,"column":4},"end":{"line":85,"column":5}}},"fnMap":{"0":{"name":"(anonymous_0)","decl":{"start":{"line":6,"column":25},"end":{"line":6,"column":26}},"loc":{"start":{"line":6,"column":36},"end":{"line":43,"column":1}},"line":6},"1":{"name":"(anonymous_1)","decl":{"start":{"line":15,"column":33},"end":{"line":15,"column":34}},"loc":{"start":{"line":15,"column":39},"end":{"line":17,"column":5}},"line":15},"2":{"name":"(anonymous_2)","decl":{"start":{"line":18,"column":43},"end":{"line":18,"column":44}},"loc":{"start":{"line":18,"column":57},"end":{"line":21,"column":5}},"line":18},"3":{"name":"(anonymous_3)","decl":{"start":{"line":24,"column":40},"end":{"line":24,"column":41}},"loc":{"start":{"line":24,"column":48},"end":{"line":28,"column":5}},"line":24},"4":{"name":"(anonymous_4)","decl":{"start":{"line":81,"column":37},"end":{"line":81,"column":38}},"loc":{"start":{"line":81,"column":46},"end":{"line":86,"column":1}},"line":81}},"branchMap":{},"s":{"0":0,"1":0,"2":0,"3":0,"4":0,"5":0,"6":0,"7":0,"8":0,"9":0,"10":0,"11":0,"12":0,"13":0,"14":0,"15":0,"16":0,"17":0},"f":{"0":0,"1":0,"2":0,"3":0,"4":0},"b":{},"hash":"4b7c85c44baa57eb11a41c17062da5ccb68ecd73"}
,"C:\\Users\\andrey\\Desktop\\ControleEstoqueApp\\screens\\ItemOverviewScreen.js": {"path":"C:\\Users\\andrey\\Desktop\\ControleEstoqueApp\\screens\\ItemOverviewScreen.js","statementMap":{"0":{"start":{"line":10,"column":21},"end":{"line":61,"column":1}},"1":{"start":{"line":11,"column":38},"end":{"line":11,"column":53}},"2":{"start":{"line":12,"column":44},"end":{"line":12,"column":59}},"3":{"start":{"line":13,"column":21},"end":{"line":13,"column":34}},"4":{"start":{"line":14,"column":18},"end":{"line":14,"column":57}},"5":{"start":{"line":14,"column":39},"end":{"line":14,"column":56}},"6":{"start":{"line":15,"column":17},"end":{"line":15,"column":49}},"7":{"start":{"line":15,"column":38},"end":{"line":15,"column":48}},"8":{"start":{"line":17,"column":4},"end":{"line":22,"column":22}},"9":{"start":{"line":18,"column":28},"end":{"line":18,"column":81}},"10":{"start":{"line":19,"column":8},"end":{"line":21,"column":8}},"11":{"start":{"line":20,"column":12},"end":{"line":20,"column":33}},"12":{"start":{"line":24,"column":4},"end":{"line":30,"column":20}},"13":{"start":{"line":25,"column":8},"end":{"line":25,"column":27}},"14":{"start":{"line":26,"column":8},"end":{"line":26,"column":21}},"15":{"start":{"line":27,"column":8},"end":{"line":29,"column":11}},"16":{"start":{"line":28,"column":12},"end":{"line":28,"column":32}},"17":{"start":{"line":32,"column":23},"end":{"line":34,"column":32}},"18":{"start":{"line":33,"column":8},"end":{"line":33,"column":50}},"19":{"start":{"line":36,"column":27},"end":{"line":38,"column":18}},"20":{"start":{"line":37,"column":8},"end":{"line":37,"column":58}},"21":{"start":{"line":40,"column":27},"end":{"line":44,"column":6}},"22":{"start":{"line":41,"column":8},"end":{"line":41,"column":30}},"23":{"start":{"line":42,"column":8},"end":{"line":42,"column":27}},"24":{"start":{"line":43,"column":8},"end":{"line":43,"column":31}},"25":{"start":{"line":46,"column":4},"end":{"line":50,"column":5}},"26":{"start":{"line":47,"column":8},"end":{"line":49,"column":15}},"27":{"start":{"line":52,"column":4},"end":{"line":56,"column":5}},"28":{"start":{"line":53,"column":8},"end":{"line":55,"column":15}},"29":{"start":{"line":58,"column":4},"end":{"line":60,"column":9}},"30":{"start":{"line":58,"column":98},"end":{"line":58,"column":116}},"31":{"start":{"line":59,"column":8},"end":{"line":59,"column":142}},"32":{"start":{"line":63,"column":0},"end":{"line":74,"column":1}},"33":{"start":{"line":64,"column":4},"end":{"line":73,"column":5}},"34":{"start":{"line":67,"column":12},"end":{"line":71,"column":28}},"35":{"start":{"line":69,"column":20},"end":{"line":69,"column":50}},"36":{"start":{"line":76,"column":15},"end":{"line":82,"column":2}}},"fnMap":{"0":{"name":"(anonymous_0)","decl":{"start":{"line":10,"column":21},"end":{"line":10,"column":22}},"loc":{"start":{"line":10,"column":32},"end":{"line":61,"column":1}},"line":10},"1":{"name":"(anonymous_1)","decl":{"start":{"line":14,"column":30},"end":{"line":14,"column":31}},"loc":{"start":{"line":14,"column":39},"end":{"line":14,"column":56}},"line":14},"2":{"name":"(anonymous_2)","decl":{"start":{"line":15,"column":29},"end":{"line":15,"column":30}},"loc":{"start":{"line":15,"column":38},"end":{"line":15,"column":48}},"line":15},"3":{"name":"(anonymous_3)","decl":{"start":{"line":17,"column":14},"end":{"line":17,"column":15}},"loc":{"start":{"line":17,"column":20},"end":{"line":22,"column":7}},"line":17},"4":{"name":"(anonymous_4)","decl":{"start":{"line":19,"column":15},"end":{"line":19,"column":16}},"loc":{"start":{"line":19,"column":21},"end":{"line":21,"column":8}},"line":19},"5":{"name":"(anonymous_5)","decl":{"start":{"line":24,"column":14},"end":{"line":24,"column":15}},"loc":{"start":{"line":24,"column":20},"end":{"line":30,"column":5}},"line":24},"6":{"name":"(anonymous_6)","decl":{"start":{"line":27,"column":30},"end":{"line":27,"column":31}},"loc":{"start":{"line":27,"column":37},"end":{"line":29,"column":9}},"line":27},"7":{"name":"(anonymous_7)","decl":{"start":{"line":32,"column":35},"end":{"line":32,"column":36}},"loc":{"start":{"line":32,"column":47},"end":{"line":34,"column":5}},"line":32},"8":{"name":"(anonymous_8)","decl":{"start":{"line":36,"column":39},"end":{"line":36,"column":40}},"loc":{"start":{"line":36,"column":51},"end":{"line":38,"column":5}},"line":36},"9":{"name":"(anonymous_9)","decl":{"start":{"line":40,"column":39},"end":{"line":40,"column":40}},"loc":{"start":{"line":40,"column":51},"end":{"line":44,"column":5}},"line":40},"10":{"name":"(anonymous_10)","decl":{"start":{"line":58,"column":88},"end":{"line":58,"column":89}},"loc":{"start":{"line":58,"column":98},"end":{"line":58,"column":116}},"line":58},"11":{"name":"(anonymous_11)","decl":{"start":{"line":58,"column":143},"end":{"line":58,"column":144}},"loc":{"start":{"line":58,"column":157},"end":{"line":60,"column":5}},"line":58},"12":{"name":"(anonymous_12)","decl":{"start":{"line":63,"column":33},"end":{"line":63,"column":34}},"loc":{"start":{"line":63,"column":40},"end":{"line":74,"column":1}},"line":63},"13":{"name":"(anonymous_13)","decl":{"start":{"line":66,"column":20},"end":{"line":66,"column":21}},"loc":{"start":{"line":66,"column":26},"end":{"line":72,"column":9}},"line":66},"14":{"name":"(anonymous_14)","decl":{"start":{"line":68,"column":122},"end":{"line":68,"column":123}},"loc":{"start":{"line":68,"column":128},"end":{"line":70,"column":17}},"line":68}},"branchMap":{"0":{"loc":{"start":{"line":46,"column":4},"end":{"line":50,"column":5}},"type":"if","locations":[{"start":{"line":46,"column":4},"end":{"line":50,"column":5}},{"start":{"line":46,"column":4},"end":{"line":50,"column":5}}],"line":46},"1":{"loc":{"start":{"line":52,"column":4},"end":{"line":56,"column":5}},"type":"if","locations":[{"start":{"line":52,"column":4},"end":{"line":56,"column":5}},{"start":{"line":52,"column":4},"end":{"line":56,"column":5}}],"line":52},"2":{"loc":{"start":{"line":68,"column":61},"end":{"line":68,"column":111}},"type":"cond-expr","locations":[{"start":{"line":68,"column":89},"end":{"line":68,"column":98}},{"start":{"line":68,"column":101},"end":{"line":68,"column":111}}],"line":68}},"s":{"0":0,"1":0,"2":0,"3":0,"4":0,"5":0,"6":0,"7":0,"8":0,"9":0,"10":0,"11":0,"12":0,"13":0,"14":0,"15":0,"16":0,"17":0,"18":0,"19":0,"20":0,"21":0,"22":0,"23":0,"24":0,"25":0,"26":0,"27":0,"28":0,"29":0,"30":0,"31":0,"32":0,"33":0,"34":0,"35":0,"36":0},"f":{"0":0,"1":0,"2":0,"3":0,"4":0,"5":0,"6":0,"7":0,"8":0,"9":0,"10":0,"11":0,"12":0,"13":0,"14":0},"b":{"0":[0,0],"1":[0,0],"2":[0,0]},"hash":"fce73560f5913cd60fb4d599a4b3ca44036b137e"}
,"C:\\Users\\andrey\\Desktop\\ControleEstoqueApp\\screens\\User\\UserOverviewScreen.js": {"path":"C:\\Users\\andrey\\Desktop\\ControleEstoqueApp\\screens\\User\\UserOverviewScreen.js","statementMap":{"0":{"start":{"line":9,"column":27},"end":{"line":55,"column":1}},"1":{"start":{"line":10,"column":18},"end":{"line":10,"column":62}},"2":{"start":{"line":10,"column":39},"end":{"line":10,"column":61}},"3":{"start":{"line":11,"column":21},"end":{"line":11,"column":34}},"4":{"start":{"line":12,"column":38},"end":{"line":12,"column":53}},"5":{"start":{"line":13,"column":44},"end":{"line":13,"column":59}},"6":{"start":{"line":16,"column":4},"end":{"line":21,"column":26}},"7":{"start":{"line":17,"column":28},"end":{"line":17,"column":85}},"8":{"start":{"line":18,"column":8},"end":{"line":20,"column":8}},"9":{"start":{"line":19,"column":12},"end":{"line":19,"column":33}},"10":{"start":{"line":23,"column":4},"end":{"line":28,"column":24}},"11":{"start":{"line":24,"column":8},"end":{"line":24,"column":27}},"12":{"start":{"line":25,"column":8},"end":{"line":27,"column":11}},"13":{"start":{"line":26,"column":12},"end":{"line":26,"column":32}},"14":{"start":{"line":29,"column":27},"end":{"line":31,"column":18}},"15":{"start":{"line":30,"column":8},"end":{"line":30,"column":52}},"16":{"start":{"line":34,"column":27},"end":{"line":38,"column":39}},"17":{"start":{"line":35,"column":8},"end":{"line":35,"column":30}},"18":{"start":{"line":36,"column":8},"end":{"line":36,"column":31}},"19":{"start":{"line":37,"column":8},"end":{"line":37,"column":31}},"20":{"start":{"line":40,"column":4},"end":{"line":44,"column":5}},"21":{"start":{"line":41,"column":8},"end":{"line":43,"column":15}},"22":{"start":{"line":46,"column":4},"end":{"line":50,"column":5}},"23":{"start":{"line":47,"column":8},"end":{"line":49,"column":15}},"24":{"start":{"line":52,"column":4},"end":{"line":54,"column":9}},"25":{"start":{"line":52,"column":98},"end":{"line":52,"column":116}},"26":{"start":{"line":53,"column":8},"end":{"line":53,"column":142}},"27":{"start":{"line":57,"column":15},"end":{"line":68,"column":2}},"28":{"start":{"line":69,"column":0},"end":{"line":87,"column":1}},"29":{"start":{"line":70,"column":4},"end":{"line":86,"column":5}},"30":{"start":{"line":73,"column":12},"end":{"line":77,"column":28}},"31":{"start":{"line":75,"column":20},"end":{"line":75,"column":52}},"32":{"start":{"line":80,"column":12},"end":{"line":84,"column":28}},"33":{"start":{"line":82,"column":20},"end":{"line":82,"column":56}}},"fnMap":{"0":{"name":"(anonymous_0)","decl":{"start":{"line":9,"column":27},"end":{"line":9,"column":28}},"loc":{"start":{"line":9,"column":38},"end":{"line":55,"column":1}},"line":9},"1":{"name":"(anonymous_1)","decl":{"start":{"line":10,"column":30},"end":{"line":10,"column":31}},"loc":{"start":{"line":10,"column":39},"end":{"line":10,"column":61}},"line":10},"2":{"name":"(anonymous_2)","decl":{"start":{"line":16,"column":14},"end":{"line":16,"column":15}},"loc":{"start":{"line":16,"column":20},"end":{"line":21,"column":7}},"line":16},"3":{"name":"(anonymous_3)","decl":{"start":{"line":18,"column":15},"end":{"line":18,"column":16}},"loc":{"start":{"line":18,"column":21},"end":{"line":20,"column":8}},"line":18},"4":{"name":"(anonymous_4)","decl":{"start":{"line":23,"column":14},"end":{"line":23,"column":15}},"loc":{"start":{"line":23,"column":20},"end":{"line":28,"column":5}},"line":23},"5":{"name":"(anonymous_5)","decl":{"start":{"line":25,"column":30},"end":{"line":25,"column":31}},"loc":{"start":{"line":25,"column":37},"end":{"line":27,"column":9}},"line":25},"6":{"name":"(anonymous_6)","decl":{"start":{"line":29,"column":39},"end":{"line":29,"column":40}},"loc":{"start":{"line":29,"column":51},"end":{"line":31,"column":5}},"line":29},"7":{"name":"(anonymous_7)","decl":{"start":{"line":34,"column":39},"end":{"line":34,"column":40}},"loc":{"start":{"line":34,"column":51},"end":{"line":38,"column":5}},"line":34},"8":{"name":"(anonymous_8)","decl":{"start":{"line":52,"column":88},"end":{"line":52,"column":89}},"loc":{"start":{"line":52,"column":98},"end":{"line":52,"column":116}},"line":52},"9":{"name":"(anonymous_9)","decl":{"start":{"line":52,"column":143},"end":{"line":52,"column":144}},"loc":{"start":{"line":52,"column":157},"end":{"line":54,"column":5}},"line":52},"10":{"name":"(anonymous_10)","decl":{"start":{"line":69,"column":39},"end":{"line":69,"column":40}},"loc":{"start":{"line":69,"column":48},"end":{"line":87,"column":1}},"line":69},"11":{"name":"(anonymous_11)","decl":{"start":{"line":72,"column":20},"end":{"line":72,"column":21}},"loc":{"start":{"line":72,"column":26},"end":{"line":78,"column":9}},"line":72},"12":{"name":"(anonymous_12)","decl":{"start":{"line":74,"column":46},"end":{"line":74,"column":47}},"loc":{"start":{"line":74,"column":52},"end":{"line":76,"column":17}},"line":74},"13":{"name":"(anonymous_13)","decl":{"start":{"line":79,"column":21},"end":{"line":79,"column":22}},"loc":{"start":{"line":79,"column":27},"end":{"line":85,"column":9}},"line":79},"14":{"name":"(anonymous_14)","decl":{"start":{"line":81,"column":31},"end":{"line":81,"column":32}},"loc":{"start":{"line":81,"column":37},"end":{"line":83,"column":17}},"line":81}},"branchMap":{"0":{"loc":{"start":{"line":40,"column":4},"end":{"line":44,"column":5}},"type":"if","locations":[{"start":{"line":40,"column":4},"end":{"line":44,"column":5}},{"start":{"line":40,"column":4},"end":{"line":44,"column":5}}],"line":40},"1":{"loc":{"start":{"line":46,"column":4},"end":{"line":50,"column":5}},"type":"if","locations":[{"start":{"line":46,"column":4},"end":{"line":50,"column":5}},{"start":{"line":46,"column":4},"end":{"line":50,"column":5}}],"line":46},"2":{"loc":{"start":{"line":76,"column":43},"end":{"line":76,"column":93}},"type":"cond-expr","locations":[{"start":{"line":76,"column":71},"end":{"line":76,"column":80}},{"start":{"line":76,"column":83},"end":{"line":76,"column":93}}],"line":76},"3":{"loc":{"start":{"line":83,"column":55},"end":{"line":83,"column":103}},"type":"cond-expr","locations":[{"start":{"line":83,"column":83},"end":{"line":83,"column":91}},{"start":{"line":83,"column":94},"end":{"line":83,"column":103}}],"line":83}},"s":{"0":0,"1":0,"2":0,"3":0,"4":0,"5":0,"6":0,"7":0,"8":0,"9":0,"10":0,"11":0,"12":0,"13":0,"14":0,"15":0,"16":0,"17":0,"18":0,"19":0,"20":0,"21":0,"22":0,"23":0,"24":0,"25":0,"26":0,"27":0,"28":0,"29":0,"30":0,"31":0,"32":0,"33":0},"f":{"0":0,"1":0,"2":0,"3":0,"4":0,"5":0,"6":0,"7":0,"8":0,"9":0,"10":0,"11":0,"12":0,"13":0,"14":0},"b":{"0":[0,0],"1":[0,0],"2":[0,0],"3":[0,0]},"hash":"50bf8400c68f7afc47025e9f522e7db5d7310b05"}
,"C:\\Users\\andrey\\Desktop\\ControleEstoqueApp\\screens\\auth\\StartupScreen.js": {"path":"C:\\Users\\andrey\\Desktop\\ControleEstoqueApp\\screens\\auth\\StartupScreen.js","statementMap":{"0":{"start":{"line":12,"column":21},"end":{"line":17,"column":2}},"1":{"start":{"line":19,"column":22},"end":{"line":83,"column":1}},"2":{"start":{"line":20,"column":38},"end":{"line":20,"column":53}},"3":{"start":{"line":21,"column":33},"end":{"line":21,"column":47}},"4":{"start":{"line":22,"column":21},"end":{"line":22,"column":34}},"5":{"start":{"line":25,"column":25},"end":{"line":35,"column":44}},"6":{"start":{"line":26,"column":8},"end":{"line":26,"column":27}},"7":{"start":{"line":27,"column":8},"end":{"line":32,"column":9}},"8":{"start":{"line":28,"column":12},"end":{"line":28,"column":76}},"9":{"start":{"line":30,"column":12},"end":{"line":30,"column":32}},"10":{"start":{"line":31,"column":12},"end":{"line":31,"column":24}},"11":{"start":{"line":33,"column":8},"end":{"line":33,"column":28}},"12":{"start":{"line":34,"column":8},"end":{"line":34,"column":51}},"13":{"start":{"line":36,"column":33},"end":{"line":53,"column":18}},"14":{"start":{"line":37,"column":8},"end":{"line":37,"column":26}},"15":{"start":{"line":38,"column":21},"end":{"line":38,"column":59}},"16":{"start":{"line":39,"column":21},"end":{"line":39,"column":37}},"17":{"start":{"line":40,"column":8},"end":{"line":51,"column":9}},"18":{"start":{"line":41,"column":12},"end":{"line":41,"column":19}},"19":{"start":{"line":43,"column":28},"end":{"line":43,"column":42}},"20":{"start":{"line":44,"column":24},"end":{"line":44,"column":44}},"21":{"start":{"line":45,"column":12},"end":{"line":50,"column":13}},"22":{"start":{"line":46,"column":16},"end":{"line":46,"column":56}},"23":{"start":{"line":47,"column":16},"end":{"line":47,"column":58}},"24":{"start":{"line":49,"column":16},"end":{"line":49,"column":23}},"25":{"start":{"line":52,"column":8},"end":{"line":52,"column":28}},"26":{"start":{"line":54,"column":22},"end":{"line":56,"column":5}},"27":{"start":{"line":55,"column":8},"end":{"line":55,"column":78}},"28":{"start":{"line":59,"column":4},"end":{"line":63,"column":45}},"29":{"start":{"line":60,"column":8},"end":{"line":60,"column":27}},"30":{"start":{"line":61,"column":8},"end":{"line":61,"column":31}},"31":{"start":{"line":62,"column":8},"end":{"line":62,"column":27}},"32":{"start":{"line":65,"column":4},"end":{"line":69,"column":5}},"33":{"start":{"line":66,"column":8},"end":{"line":68,"column":15}},"34":{"start":{"line":70,"column":4},"end":{"line":82,"column":20}},"35":{"start":{"line":72,"column":12},"end":{"line":80,"column":14}},"36":{"start":{"line":85,"column":0},"end":{"line":90,"column":1}},"37":{"start":{"line":86,"column":4},"end":{"line":89,"column":5}},"38":{"start":{"line":93,"column":15},"end":{"line":106,"column":2}}},"fnMap":{"0":{"name":"(anonymous_0)","decl":{"start":{"line":19,"column":22},"end":{"line":19,"column":23}},"loc":{"start":{"line":19,"column":33},"end":{"line":83,"column":1}},"line":19},"1":{"name":"(anonymous_1)","decl":{"start":{"line":25,"column":37},"end":{"line":25,"column":38}},"loc":{"start":{"line":25,"column":55},"end":{"line":35,"column":5}},"line":25},"2":{"name":"(anonymous_2)","decl":{"start":{"line":36,"column":45},"end":{"line":36,"column":46}},"loc":{"start":{"line":36,"column":57},"end":{"line":53,"column":5}},"line":36},"3":{"name":"(anonymous_3)","decl":{"start":{"line":54,"column":22},"end":{"line":54,"column":23}},"loc":{"start":{"line":54,"column":28},"end":{"line":56,"column":5}},"line":54},"4":{"name":"(anonymous_4)","decl":{"start":{"line":59,"column":14},"end":{"line":59,"column":15}},"loc":{"start":{"line":59,"column":20},"end":{"line":63,"column":5}},"line":59},"5":{"name":"(anonymous_5)","decl":{"start":{"line":71,"column":9},"end":{"line":71,"column":10}},"loc":{"start":{"line":71,"column":82},"end":{"line":81,"column":9}},"line":71},"6":{"name":"(anonymous_6)","decl":{"start":{"line":85,"column":34},"end":{"line":85,"column":35}},"loc":{"start":{"line":85,"column":43},"end":{"line":90,"column":1}},"line":85}},"branchMap":{"0":{"loc":{"start":{"line":40,"column":8},"end":{"line":51,"column":9}},"type":"if","locations":[{"start":{"line":40,"column":8},"end":{"line":51,"column":9}},{"start":{"line":40,"column":8},"end":{"line":51,"column":9}}],"line":40},"1":{"loc":{"start":{"line":40,"column":12},"end":{"line":40,"column":39}},"type":"binary-expr","locations":[{"start":{"line":40,"column":12},"end":{"line":40,"column":24}},{"start":{"line":40,"column":28},"end":{"line":40,"column":39}}],"line":40},"2":{"loc":{"start":{"line":45,"column":12},"end":{"line":50,"column":13}},"type":"if","locations":[{"start":{"line":45,"column":12},"end":{"line":50,"column":13}},{"start":{"line":45,"column":12},"end":{"line":50,"column":13}}],"line":45},"3":{"loc":{"start":{"line":65,"column":4},"end":{"line":69,"column":5}},"type":"if","locations":[{"start":{"line":65,"column":4},"end":{"line":69,"column":5}},{"start":{"line":65,"column":4},"end":{"line":69,"column":5}}],"line":65}},"s":{"0":0,"1":0,"2":0,"3":0,"4":0,"5":0,"6":0,"7":0,"8":0,"9":0,"10":0,"11":0,"12":0,"13":0,"14":0,"15":0,"16":0,"17":0,"18":0,"19":0,"20":0,"21":0,"22":0,"23":0,"24":0,"25":0,"26":0,"27":0,"28":0,"29":0,"30":0,"31":0,"32":0,"33":0,"34":0,"35":0,"36":0,"37":0,"38":0},"f":{"0":0,"1":0,"2":0,"3":0,"4":0,"5":0,"6":0},"b":{"0":[0,0],"1":[0,0],"2":[0,0],"3":[0,0]},"hash":"c0b91df946050b81c8f1a29bea3f6023d2ad63b2"}
,"C:\\Users\\andrey\\Desktop\\ControleEstoqueApp\\store\\actions\\auth.js": {"path":"C:\\Users\\andrey\\Desktop\\ControleEstoqueApp\\store\\actions\\auth.js","statementMap":{"0":{"start":{"line":3,"column":22},"end":{"line":3,"column":30}},"1":{"start":{"line":4,"column":24},"end":{"line":4,"column":34}},"2":{"start":{"line":5,"column":23},"end":{"line":5,"column":32}},"3":{"start":{"line":6,"column":28},"end":{"line":6,"column":42}},"4":{"start":{"line":12,"column":22},"end":{"line":20,"column":1}},"5":{"start":{"line":13,"column":4},"end":{"line":19,"column":5}},"6":{"start":{"line":14,"column":8},"end":{"line":14,"column":28}},"7":{"start":{"line":15,"column":8},"end":{"line":15,"column":49}},"8":{"start":{"line":16,"column":8},"end":{"line":18,"column":10}},"9":{"start":{"line":21,"column":27},"end":{"line":29,"column":1}},"10":{"start":{"line":22,"column":4},"end":{"line":28,"column":5}},"11":{"start":{"line":23,"column":8},"end":{"line":27,"column":9}},"12":{"start":{"line":24,"column":12},"end":{"line":26,"column":30}},"13":{"start":{"line":25,"column":16},"end":{"line":25,"column":35}},"14":{"start":{"line":30,"column":28},"end":{"line":37,"column":1}},"15":{"start":{"line":31,"column":4},"end":{"line":36,"column":5}},"16":{"start":{"line":32,"column":8},"end":{"line":35,"column":10}},"17":{"start":{"line":38,"column":21},"end":{"line":74,"column":1}},"18":{"start":{"line":39,"column":4},"end":{"line":73,"column":5}},"19":{"start":{"line":40,"column":8},"end":{"line":72,"column":9}},"20":{"start":{"line":41,"column":12},"end":{"line":41,"column":34}},"21":{"start":{"line":42,"column":29},"end":{"line":52,"column":14}},"22":{"start":{"line":53,"column":28},"end":{"line":53,"column":49}},"23":{"start":{"line":54,"column":12},"end":{"line":59,"column":15}},"24":{"start":{"line":60,"column":12},"end":{"line":60,"column":59}},"25":{"start":{"line":61,"column":12},"end":{"line":69,"column":14}},"26":{"start":{"line":71,"column":12},"end":{"line":71,"column":48}}},"fnMap":{"0":{"name":"(anonymous_0)","decl":{"start":{"line":12,"column":22},"end":{"line":12,"column":23}},"loc":{"start":{"line":12,"column":28},"end":{"line":20,"column":1}},"line":12},"1":{"name":"(anonymous_1)","decl":{"start":{"line":13,"column":11},"end":{"line":13,"column":12}},"loc":{"start":{"line":13,"column":29},"end":{"line":19,"column":5}},"line":13},"2":{"name":"(anonymous_2)","decl":{"start":{"line":21,"column":27},"end":{"line":21,"column":28}},"loc":{"start":{"line":21,"column":40},"end":{"line":29,"column":1}},"line":21},"3":{"name":"(anonymous_3)","decl":{"start":{"line":23,"column":15},"end":{"line":23,"column":16}},"loc":{"start":{"line":23,"column":27},"end":{"line":27,"column":9}},"line":23},"4":{"name":"(anonymous_4)","decl":{"start":{"line":24,"column":31},"end":{"line":24,"column":32}},"loc":{"start":{"line":24,"column":37},"end":{"line":26,"column":13}},"line":24},"5":{"name":"(anonymous_5)","decl":{"start":{"line":30,"column":28},"end":{"line":30,"column":29}},"loc":{"start":{"line":30,"column":38},"end":{"line":37,"column":1}},"line":30},"6":{"name":"(anonymous_6)","decl":{"start":{"line":31,"column":11},"end":{"line":31,"column":12}},"loc":{"start":{"line":31,"column":23},"end":{"line":36,"column":5}},"line":31},"7":{"name":"(anonymous_7)","decl":{"start":{"line":38,"column":21},"end":{"line":38,"column":22}},"loc":{"start":{"line":38,"column":42},"end":{"line":74,"column":1}},"line":38},"8":{"name":"(anonymous_8)","decl":{"start":{"line":39,"column":11},"end":{"line":39,"column":12}},"loc":{"start":{"line":39,"column":29},"end":{"line":73,"column":5}},"line":39}},"branchMap":{"0":{"loc":{"start":{"line":22,"column":4},"end":{"line":28,"column":5}},"type":"if","locations":[{"start":{"line":22,"column":4},"end":{"line":28,"column":5}},{"start":{"line":22,"column":4},"end":{"line":28,"column":5}}],"line":22}},"s":{"0":0,"1":0,"2":0,"3":0,"4":0,"5":0,"6":0,"7":0,"8":0,"9":0,"10":0,"11":0,"12":0,"13":0,"14":0,"15":0,"16":0,"17":0,"18":0,"19":0,"20":0,"21":0,"22":0,"23":0,"24":0,"25":0,"26":0},"f":{"0":0,"1":0,"2":0,"3":0,"4":0,"5":0,"6":0,"7":0,"8":0},"b":{"0":[0,0]},"hash":"76c819d425b7fc8324a4ce4c68f545497e48fa82"}
,"C:\\Users\\andrey\\Desktop\\ControleEstoqueApp\\store\\actions\\items.js": {"path":"C:\\Users\\andrey\\Desktop\\ControleEstoqueApp\\store\\actions\\items.js","statementMap":{"0":{"start":{"line":2,"column":27},"end":{"line":2,"column":40}},"1":{"start":{"line":3,"column":27},"end":{"line":3,"column":40}},"2":{"start":{"line":4,"column":27},"end":{"line":4,"column":40}},"3":{"start":{"line":5,"column":27},"end":{"line":5,"column":40}},"4":{"start":{"line":6,"column":32},"end":{"line":6,"column":50}},"5":{"start":{"line":8,"column":26},"end":{"line":22,"column":1}},"6":{"start":{"line":9,"column":2},"end":{"line":21,"column":3}},"7":{"start":{"line":10,"column":21},"end":{"line":10,"column":83}},"8":{"start":{"line":11,"column":18},"end":{"line":11,"column":20}},"9":{"start":{"line":12,"column":20},"end":{"line":12,"column":41}},"10":{"start":{"line":13,"column":4},"end":{"line":15,"column":5}},"11":{"start":{"line":14,"column":6},"end":{"line":14,"column":140}},"12":{"start":{"line":16,"column":4},"end":{"line":16,"column":22}},"13":{"start":{"line":17,"column":4},"end":{"line":20,"column":6}},"14":{"start":{"line":24,"column":30},"end":{"line":38,"column":1}},"15":{"start":{"line":25,"column":2},"end":{"line":37,"column":3}},"16":{"start":{"line":26,"column":19},"end":{"line":26,"column":44}},"17":{"start":{"line":27,"column":21},"end":{"line":27,"column":120}},"18":{"start":{"line":28,"column":18},"end":{"line":28,"column":20}},"19":{"start":{"line":29,"column":20},"end":{"line":29,"column":41}},"20":{"start":{"line":30,"column":4},"end":{"line":32,"column":5}},"21":{"start":{"line":31,"column":6},"end":{"line":31,"column":158}},"22":{"start":{"line":33,"column":4},"end":{"line":36,"column":6}},"23":{"start":{"line":40,"column":26},"end":{"line":59,"column":1}},"24":{"start":{"line":41,"column":2},"end":{"line":58,"column":3}},"25":{"start":{"line":42,"column":19},"end":{"line":42,"column":41}},"26":{"start":{"line":43,"column":4},"end":{"line":43,"column":25}},"27":{"start":{"line":44,"column":21},"end":{"line":50,"column":6}},"28":{"start":{"line":51,"column":20},"end":{"line":51,"column":41}},"29":{"start":{"line":52,"column":20},"end":{"line":52,"column":106}},"30":{"start":{"line":53,"column":4},"end":{"line":56,"column":6}},"31":{"start":{"line":61,"column":24},"end":{"line":81,"column":1}},"32":{"start":{"line":62,"column":2},"end":{"line":62,"column":19}},"33":{"start":{"line":63,"column":2},"end":{"line":80,"column":3}},"34":{"start":{"line":64,"column":19},"end":{"line":64,"column":41}},"35":{"start":{"line":65,"column":4},"end":{"line":65,"column":25}},"36":{"start":{"line":66,"column":21},"end":{"line":72,"column":6}},"37":{"start":{"line":73,"column":20},"end":{"line":73,"column":41}},"38":{"start":{"line":74,"column":24},"end":{"line":74,"column":110}},"39":{"start":{"line":75,"column":4},"end":{"line":78,"column":6}},"40":{"start":{"line":84,"column":26},"end":{"line":95,"column":1}},"41":{"start":{"line":85,"column":2},"end":{"line":94,"column":3}},"42":{"start":{"line":86,"column":21},"end":{"line":88,"column":6}},"43":{"start":{"line":89,"column":17},"end":{"line":89,"column":38}},"44":{"start":{"line":90,"column":4},"end":{"line":93,"column":6}}},"fnMap":{"0":{"name":"(anonymous_0)","decl":{"start":{"line":8,"column":26},"end":{"line":8,"column":27}},"loc":{"start":{"line":8,"column":32},"end":{"line":22,"column":1}},"line":8},"1":{"name":"(anonymous_1)","decl":{"start":{"line":9,"column":9},"end":{"line":9,"column":10}},"loc":{"start":{"line":9,"column":27},"end":{"line":21,"column":3}},"line":9},"2":{"name":"(anonymous_2)","decl":{"start":{"line":24,"column":30},"end":{"line":24,"column":31}},"loc":{"start":{"line":24,"column":36},"end":{"line":38,"column":1}},"line":24},"3":{"name":"(anonymous_3)","decl":{"start":{"line":25,"column":9},"end":{"line":25,"column":10}},"loc":{"start":{"line":25,"column":39},"end":{"line":37,"column":3}},"line":25},"4":{"name":"(anonymous_4)","decl":{"start":{"line":40,"column":26},"end":{"line":40,"column":27}},"loc":{"start":{"line":40,"column":36},"end":{"line":59,"column":1}},"line":40},"5":{"name":"(anonymous_5)","decl":{"start":{"line":41,"column":9},"end":{"line":41,"column":10}},"loc":{"start":{"line":41,"column":39},"end":{"line":58,"column":3}},"line":41},"6":{"name":"(anonymous_6)","decl":{"start":{"line":61,"column":24},"end":{"line":61,"column":25}},"loc":{"start":{"line":61,"column":34},"end":{"line":81,"column":1}},"line":61},"7":{"name":"(anonymous_7)","decl":{"start":{"line":63,"column":9},"end":{"line":63,"column":10}},"loc":{"start":{"line":63,"column":39},"end":{"line":80,"column":3}},"line":63},"8":{"name":"(anonymous_8)","decl":{"start":{"line":84,"column":26},"end":{"line":84,"column":27}},"loc":{"start":{"line":84,"column":34},"end":{"line":95,"column":1}},"line":84},"9":{"name":"(anonymous_9)","decl":{"start":{"line":85,"column":9},"end":{"line":85,"column":10}},"loc":{"start":{"line":85,"column":27},"end":{"line":94,"column":3}},"line":85}},"branchMap":{},"s":{"0":0,"1":0,"2":0,"3":0,"4":0,"5":0,"6":0,"7":0,"8":0,"9":0,"10":0,"11":0,"12":0,"13":0,"14":0,"15":0,"16":0,"17":0,"18":0,"19":0,"20":0,"21":0,"22":0,"23":0,"24":0,"25":0,"26":0,"27":0,"28":0,"29":0,"30":0,"31":0,"32":0,"33":0,"34":0,"35":0,"36":0,"37":0,"38":0,"39":0,"40":0,"41":0,"42":0,"43":0,"44":0},"f":{"0":0,"1":0,"2":0,"3":0,"4":0,"5":0,"6":0,"7":0,"8":0,"9":0},"b":{},"hash":"95e1aaba220c60234011b4a31607ed02842661fc"}
,"C:\\Users\\andrey\\Desktop\\ControleEstoqueApp\\store\\actions\\provider.js": {"path":"C:\\Users\\andrey\\Desktop\\ControleEstoqueApp\\store\\actions\\provider.js","statementMap":{"0":{"start":{"line":2,"column":31},"end":{"line":2,"column":48}},"1":{"start":{"line":5,"column":30},"end":{"line":18,"column":1}},"2":{"start":{"line":6,"column":4},"end":{"line":17,"column":5}},"3":{"start":{"line":7,"column":26},"end":{"line":7,"column":92}},"4":{"start":{"line":8,"column":26},"end":{"line":8,"column":28}},"5":{"start":{"line":9,"column":24},"end":{"line":9,"column":45}},"6":{"start":{"line":10,"column":8},"end":{"line":12,"column":9}},"7":{"start":{"line":11,"column":12},"end":{"line":11,"column":59}},"8":{"start":{"line":13,"column":8},"end":{"line":16,"column":10}}},"fnMap":{"0":{"name":"(anonymous_0)","decl":{"start":{"line":5,"column":30},"end":{"line":5,"column":31}},"loc":{"start":{"line":5,"column":36},"end":{"line":18,"column":1}},"line":5},"1":{"name":"(anonymous_1)","decl":{"start":{"line":6,"column":11},"end":{"line":6,"column":12}},"loc":{"start":{"line":6,"column":29},"end":{"line":17,"column":5}},"line":6}},"branchMap":{},"s":{"0":0,"1":0,"2":0,"3":0,"4":0,"5":0,"6":0,"7":0,"8":0},"f":{"0":0,"1":0},"b":{},"hash":"b1c80aad7d4e5b4d6b656f44bd42bc14af90bd30"}
,"C:\\Users\\andrey\\Desktop\\ControleEstoqueApp\\store\\reducers\\ItemReducer.js": {"path":"C:\\Users\\andrey\\Desktop\\ControleEstoqueApp\\store\\reducers\\ItemReducer.js","statementMap":{"0":{"start":{"line":5,"column":21},"end":{"line":8,"column":1}},"1":{"start":{"line":10,"column":20},"end":{"line":53,"column":1}},"2":{"start":{"line":11,"column":4},"end":{"line":52,"column":5}},"3":{"start":{"line":13,"column":12},"end":{"line":15,"column":13}},"4":{"start":{"line":17,"column":12},"end":{"line":21,"column":13}},"5":{"start":{"line":23,"column":12},"end":{"line":26,"column":13}},"6":{"start":{"line":28,"column":26},"end":{"line":28,"column":42}},"7":{"start":{"line":29,"column":27},"end":{"line":29,"column":79}},"8":{"start":{"line":29,"column":51},"end":{"line":29,"column":78}},"9":{"start":{"line":30,"column":12},"end":{"line":30,"column":39}},"10":{"start":{"line":31,"column":29},"end":{"line":31,"column":31}},"11":{"start":{"line":32,"column":12},"end":{"line":38,"column":13}},"12":{"start":{"line":33,"column":17},"end":{"line":33,"column":51}},"13":{"start":{"line":34,"column":17},"end":{"line":34,"column":90}},"14":{"start":{"line":34,"column":62},"end":{"line":34,"column":89}},"15":{"start":{"line":35,"column":17},"end":{"line":37,"column":17}},"16":{"start":{"line":36,"column":20},"end":{"line":36,"column":60}},"17":{"start":{"line":39,"column":12},"end":{"line":43,"column":13}},"18":{"start":{"line":45,"column":12},"end":{"line":49,"column":13}},"19":{"start":{"line":47,"column":53},"end":{"line":47,"column":77}},"20":{"start":{"line":48,"column":58},"end":{"line":48,"column":82}},"21":{"start":{"line":51,"column":12},"end":{"line":51,"column":25}}},"fnMap":{"0":{"name":"(anonymous_0)","decl":{"start":{"line":10,"column":20},"end":{"line":10,"column":21}},"loc":{"start":{"line":10,"column":55},"end":{"line":53,"column":1}},"line":10},"1":{"name":"(anonymous_1)","decl":{"start":{"line":29,"column":43},"end":{"line":29,"column":44}},"loc":{"start":{"line":29,"column":51},"end":{"line":29,"column":78}},"line":29},"2":{"name":"(anonymous_2)","decl":{"start":{"line":34,"column":54},"end":{"line":34,"column":55}},"loc":{"start":{"line":34,"column":62},"end":{"line":34,"column":89}},"line":34},"3":{"name":"(anonymous_3)","decl":{"start":{"line":47,"column":42},"end":{"line":47,"column":43}},"loc":{"start":{"line":47,"column":53},"end":{"line":47,"column":77}},"line":47},"4":{"name":"(anonymous_4)","decl":{"start":{"line":48,"column":47},"end":{"line":48,"column":48}},"loc":{"start":{"line":48,"column":58},"end":{"line":48,"column":82}},"line":48}},"branchMap":{"0":{"loc":{"start":{"line":10,"column":21},"end":{"line":10,"column":41}},"type":"default-arg","locations":[{"start":{"line":10,"column":29},"end":{"line":10,"column":41}}],"line":10},"1":{"loc":{"start":{"line":11,"column":4},"end":{"line":52,"column":5}},"type":"switch","locations":[{"start":{"line":12,"column":8},"end":{"line":15,"column":13}},{"start":{"line":16,"column":8},"end":{"line":21,"column":13}},{"start":{"line":22,"column":8},"end":{"line":26,"column":13}},{"start":{"line":27,"column":8},"end":{"line":43,"column":13}},{"start":{"line":44,"column":8},"end":{"line":49,"column":13}},{"start":{"line":50,"column":8},"end":{"line":51,"column":25}}],"line":11},"2":{"loc":{"start":{"line":32,"column":12},"end":{"line":38,"column":13}},"type":"if","locations":[{"start":{"line":32,"column":12},"end":{"line":38,"column":13}},{"start":{"line":32,"column":12},"end":{"line":38,"column":13}}],"line":32},"3":{"loc":{"start":{"line":35,"column":17},"end":{"line":37,"column":17}},"type":"if","locations":[{"start":{"line":35,"column":17},"end":{"line":37,"column":17}},{"start":{"line":35,"column":17},"end":{"line":37,"column":17}}],"line":35}},"s":{"0":0,"1":0,"2":0,"3":0,"4":0,"5":0,"6":0,"7":0,"8":0,"9":0,"10":0,"11":0,"12":0,"13":0,"14":0,"15":0,"16":0,"17":0,"18":0,"19":0,"20":0,"21":0},"f":{"0":0,"1":0,"2":0,"3":0,"4":0},"b":{"0":[0],"1":[0,0,0,0,0,0],"2":[0,0],"3":[0,0]},"hash":"e36def02aab1a39030a544079d31f9b56c470795"}
,"C:\\Users\\andrey\\Desktop\\ControleEstoqueApp\\store\\reducers\\authReducer.js": {"path":"C:\\Users\\andrey\\Desktop\\ControleEstoqueApp\\store\\reducers\\authReducer.js","statementMap":{"0":{"start":{"line":5,"column":21},"end":{"line":10,"column":1}},"1":{"start":{"line":12,"column":20},"end":{"line":33,"column":1}},"2":{"start":{"line":13,"column":4},"end":{"line":32,"column":5}},"3":{"start":{"line":15,"column":12},"end":{"line":20,"column":13}},"4":{"start":{"line":22,"column":12},"end":{"line":22,"column":43}},"5":{"start":{"line":24,"column":12},"end":{"line":29,"column":14}},"6":{"start":{"line":31,"column":12},"end":{"line":31,"column":25}}},"fnMap":{"0":{"name":"(anonymous_0)","decl":{"start":{"line":12,"column":20},"end":{"line":12,"column":21}},"loc":{"start":{"line":12,"column":55},"end":{"line":33,"column":1}},"line":12}},"branchMap":{"0":{"loc":{"start":{"line":12,"column":21},"end":{"line":12,"column":41}},"type":"default-arg","locations":[{"start":{"line":12,"column":29},"end":{"line":12,"column":41}}],"line":12},"1":{"loc":{"start":{"line":13,"column":4},"end":{"line":32,"column":5}},"type":"switch","locations":[{"start":{"line":14,"column":8},"end":{"line":20,"column":13}},{"start":{"line":21,"column":8},"end":{"line":22,"column":43}},{"start":{"line":23,"column":8},"end":{"line":29,"column":14}},{"start":{"line":30,"column":8},"end":{"line":31,"column":25}}],"line":13}},"s":{"0":0,"1":0,"2":0,"3":0,"4":0,"5":0,"6":0},"f":{"0":0},"b":{"0":[0],"1":[0,0,0,0]},"hash":"b2d371ed14471c00f24697742e059a5e7a847d2a"}
,"C:\\Users\\andrey\\Desktop\\ControleEstoqueApp\\store\\reducers\\providerReducer.js": {"path":"C:\\Users\\andrey\\Desktop\\ControleEstoqueApp\\store\\reducers\\providerReducer.js","statementMap":{"0":{"start":{"line":3,"column":21},"end":{"line":5,"column":1}},"1":{"start":{"line":7,"column":24},"end":{"line":16,"column":1}},"2":{"start":{"line":8,"column":4},"end":{"line":15,"column":5}},"3":{"start":{"line":10,"column":8},"end":{"line":12,"column":9}},"4":{"start":{"line":14,"column":8},"end":{"line":14,"column":21}}},"fnMap":{"0":{"name":"(anonymous_0)","decl":{"start":{"line":7,"column":24},"end":{"line":7,"column":25}},"loc":{"start":{"line":7,"column":54},"end":{"line":16,"column":1}},"line":7}},"branchMap":{"0":{"loc":{"start":{"line":7,"column":25},"end":{"line":7,"column":43}},"type":"default-arg","locations":[{"start":{"line":7,"column":31},"end":{"line":7,"column":43}}],"line":7},"1":{"loc":{"start":{"line":8,"column":4},"end":{"line":15,"column":5}},"type":"switch","locations":[{"start":{"line":9,"column":8},"end":{"line":12,"column":9}},{"start":{"line":13,"column":8},"end":{"line":14,"column":21}}],"line":8}},"s":{"0":0,"1":0,"2":0,"3":0,"4":0},"f":{"0":0},"b":{"0":[0],"1":[0,0]},"hash":"3a6697ecb9d16b093d3d4c24038ab81d8a0a7ce9"}
}
